  ft_printf.c
  ft_vsnprintf.c
D:\Projects\42_tasks\Printf_2\sources\ft_printf.c(37,42) : warning C4267: =: преобразование из "size_t" в "int"; возможна потеря данных
D:\Projects\42_tasks\Printf_2\sources\ft_vsnprintf.c(15,19) : warning C4013: evaluate_option: нет определения; предполагается "extern" с возвратом типа "int"
D:\Projects\42_tasks\Printf_2\sources\ft_vsnprintf.c(21,7) : warning C4013: write: нет определения; предполагается "extern" с возвратом типа "int"
D:\Projects\42_tasks\Printf_2\sources\ft_vsnprintf.c(5,9) : warning C4101: index: неиспользованная локальная переменная
  ft_option_handler.c
D:\Projects\42_tasks\Printf_2\sources\ft_vsnprintf.c(27,43) : warning C4267: =: преобразование из "size_t" в "int"; возможна потеря данных
D:\Projects\42_tasks\Printf_2\sources\ft_option_handler.c(82,15) : warning C4013: pf_character: нет определения; предполагается "extern" с возвратом типа "int"
D:\Projects\42_tasks\Printf_2\sources\ft_option_handler.c(84,16) : warning C4013: pf_putnb_base: нет определения; предполагается "extern" с возвратом типа "int"
D:\Projects\42_tasks\Printf_2\sources\ft_option_handler.c(84,30) : warning C4013: ft_strchri_lu: нет определения; предполагается "extern" с возвратом типа "int"
D:\Projects\42_tasks\Printf_2\sources\ft_option_handler.c(86,13) : warning C4013: pf_putwstr: нет определения; предполагается "extern" с возвратом типа "int"
D:\Projects\42_tasks\Printf_2\sources\ft_option_handler.c(88,24) : warning C4013: print_pointer_address: нет определения; предполагается "extern" с возвратом типа "int"
D:\Projects\42_tasks\Printf_2\sources\ft_option_handler.c(92,19) : warning C4013: ft_printf_putstr: нет определения; предполагается "extern" с возвратом типа "int"
D:\Projects\42_tasks\Printf_2\sources\ft_option_handler.c(92,1): warning C4996 : 'str error ': This function or variable may be unsafe. Consider using strerror_s instead. To disable deprecation, use _CRT_SECURE_NO_WARNINGS. See online help for details.
  utils.c
C:\Program Files (x86)\Windows Kits\10\Include\10.0.18362.0\ucrt\string.h(182) : message : см. объявление "strerror"
D:\Projects\42_tasks\Printf_2\sources\utils.c(63,8) : warning C4013: write: нет определения; предполагается "extern" с возвратом типа "int"
D:\Projects\42_tasks\Printf_2\sources\utils.c(67,22) : warning C4267: +=: преобразование из "size_t" в "char"; возможна потеря данных
D:\Projects\42_tasks\Printf_2\sources\utils.c(68,22) : warning C4267: +=: преобразование из "size_t" в "int"; возможна потеря данных
  string_handler.c
D:\Projects\42_tasks\Printf_2\sources\utils.c(69,1) : error C2036: void *: неизвестный размер
D:\Projects\42_tasks\Printf_2\sources\string_handler.c(44,50) : warning C4267: =: преобразование из "size_t" в "int"; возможна потеря данных
D:\Projects\42_tasks\Printf_2\sources\string_handler.c(51,33) : warning C4244: =: преобразование "wchar_t" в "char", возможна потеря данных
D:\Projects\42_tasks\Printf_2\sources\string_handler.c(53,42) : warning C4267: =: преобразование из "size_t" в "int"; возможна потеря данных
D:\Projects\42_tasks\Printf_2\sources\string_handler.c(71,78) : warning C4267: =: преобразование из "size_t" в "int"; возможна потеря данных
D:\Projects\42_tasks\Printf_2\sources\string_handler.c(93,101) : warning C4267: =: преобразование из "size_t" в "int"; возможна потеря данных
  number_handler.c
D:\Projects\42_tasks\Printf_2\sources\string_handler.c(94,58) : warning C4267: =: преобразование из "size_t" в "int"; возможна потеря данных
D:\Projects\42_tasks\Printf_2\sources\number_handler.c(19,69) : warning C4267: =: преобразование из "size_t" в "unsigned int"; возможна потеря данных
D:\Projects\42_tasks\Printf_2\sources\number_handler.c(58,97) : warning C4267: =: преобразование из "size_t" в "int"; возможна потеря данных
D:\Projects\42_tasks\Printf_2\sources\number_handler.c(79,69) : warning C4267: =: преобразование из "size_t" в "unsigned int"; возможна потеря данных
D:\Projects\42_tasks\Printf_2\sources\number_handler.c(80,26) : warning C4018: >=: несоответствие типов со знаком и без знака
D:\Projects\42_tasks\Printf_2\sources\number_handler.c(86,63) : warning C4267: =: преобразование из "size_t" в "int"; возможна потеря данных
  bonus.c
D:\Projects\42_tasks\Printf_2\sources\number_handler.c(109,62) : warning C4244: =: преобразование "uintmax_t" в "char", возможна потеря данных
D:\Projects\42_tasks\Printf_2\sources\bonus.c(64,69) : warning C4267: =: преобразование из "size_t" в "unsigned int"; возможна потеря данных
D:\Projects\42_tasks\Printf_2\sources\bonus.c(71,69) : warning C4267: =: преобразование из "size_t" в "unsigned int"; возможна потеря данных
  Создание кода...
D:\Projects\42_tasks\Printf_2\sources\bonus.c(75,8) : warning C4013: ft_pow: нет определения; предполагается "extern" с возвратом типа "int"
